# JRE version: OpenJDK Runtime Environment Temurin-21.0.5+11 (21.0.5+11) (build 21.0.5+11-LTS)
# Java VM: OpenJDK 64-Bit Server VM Temurin-21.0.5+11 (21.0.5+11-LTS, mixed mode, tiered, compressed oops, compressed class ptrs, g1 gc, windows-amd64)
GC Precious Log:
 CardTable entry size: 512
 Card Set container configuration: InlinePtr #cards 5 size 8 Array Of Cards #cards 12 size 40 Howl #buckets 4 coarsen threshold 1843 Howl Bitmap #cards 512 size 80 coarsen threshold 460 Card regions per heap region 1 cards per card region 2048
 CPUs: 16 total, 16 available
 Memory: 15773M
 Large Page Support: Disabled
 NUMA Support: Disabled
 Compressed Oops: Enabled (32-bit)
 Heap Region Size: 1M
 Heap Min Capacity: 64M
 Heap Initial Capacity: 64M
 Heap Max Capacity: 2G
 Pre-touch: Disabled
 Parallel Workers: 13
 Concurrent Workers: 3
 Concurrent Refinement Workers: 13
 Periodic GC: Disabled
Heap:
 garbage-first heap   total 307200K, used 173985K [0x0000000080000000, 0x0000000100000000)
  region size 1024K, 14 young (14336K), 14 survivors (14336K)
 Metaspace       used 25559K, committed 25856K, reserved 1114112K
  class space    used 2497K, committed 2624K, reserved 1048576K
GC Heap History (20 events):
Event: 6.079 GC heap after
{Heap after GC invocations=11 (full 0):
 garbage-first heap   total 149504K, used 53227K [0x0000000080000000, 0x0000000100000000)
  region size 1024K, 5 young (5120K), 5 survivors (5120K)
 Metaspace       used 23942K, committed 24192K, reserved 1114112K
  class space    used 2262K, committed 2368K, reserved 1048576K
}
Event: 6.375 GC heap before
{Heap before GC invocations=11 (full 0):
 garbage-first heap   total 149504K, used 122859K [0x0000000080000000, 0x0000000100000000)
  region size 1024K, 70 young (71680K), 5 survivors (5120K)
 Metaspace       used 24057K, committed 24320K, reserved 1114112K
  class space    used 2273K, committed 2368K, reserved 1048576K
}
Event: 6.409 GC heap after
{Heap after GC invocations=12 (full 0):
 garbage-first heap   total 149504K, used 70048K [0x0000000080000000, 0x0000000100000000)
  region size 1024K, 9 young (9216K), 9 survivors (9216K)
 Metaspace       used 24057K, committed 24320K, reserved 1114112K
  class space    used 2273K, committed 2368K, reserved 1048576K
}
Event: 6.543 GC heap before
{Heap before GC invocations=12 (full 0):
 garbage-first heap   total 149504K, used 121248K [0x0000000080000000, 0x0000000100000000)
  region size 1024K, 59 young (60416K), 9 survivors (9216K)
 Metaspace       used 24063K, committed 24320K, reserved 1114112K
  class space    used 2273K, committed 2368K, reserved 1048576K
}
Event: 6.572 GC heap after
{Heap after GC invocations=13 (full 0):
 garbage-first heap   total 149504K, used 80384K [0x0000000080000000, 0x0000000100000000)
  region size 1024K, 8 young (8192K), 8 survivors (8192K)
 Metaspace       used 24063K, committed 24320K, reserved 1114112K
  class space    used 2273K, committed 2368K, reserved 1048576K
}
Event: 6.593 GC heap before
{Heap before GC invocations=13 (full 0):
 garbage-first heap   total 149504K, used 86528K [0x0000000080000000, 0x0000000100000000)
  region size 1024K, 15 young (15360K), 8 survivors (8192K)
 Metaspace       used 24063K, committed 24320K, reserved 1114112K
  class space    used 2273K, committed 2368K, reserved 1048576K
}
Event: 6.615 GC heap after
{Heap after GC invocations=14 (full 0):
 garbage-first heap   total 149504K, used 82944K [0x0000000080000000, 0x0000000100000000)
  region size 1024K, 2 young (2048K), 2 survivors (2048K)
 Metaspace       used 24063K, committed 24320K, reserved 1114112K
  class space    used 2273K, committed 2368K, reserved 1048576K
}
Event: 7.098 GC heap before
{Heap before GC invocations=15 (full 0):
 garbage-first heap   total 149504K, used 129024K [0x0000000080000000, 0x0000000100000000)
  region size 1024K, 45 young (46080K), 2 survivors (2048K)
 Metaspace       used 24101K, committed 24320K, reserved 1114112K
  class space    used 2275K, committed 2368K, reserved 1048576K
}
Event: 7.132 GC heap after
{Heap after GC invocations=16 (full 0):
 garbage-first heap   total 149504K, used 93184K [0x0000000080000000, 0x0000000100000000)
  region size 1024K, 6 young (6144K), 6 survivors (6144K)
 Metaspace       used 24101K, committed 24320K, reserved 1114112K
  class space    used 2275K, committed 2368K, reserved 1048576K
}
Event: 7.284 GC heap before
{Heap before GC invocations=16 (full 0):
 garbage-first heap   total 149504K, used 131072K [0x0000000080000000, 0x0000000100000000)
  region size 1024K, 43 young (44032K), 6 survivors (6144K)
 Metaspace       used 24101K, committed 24320K, reserved 1114112K
  class space    used 2275K, committed 2368K, reserved 1048576K
}
Event: 7.315 GC heap after
{Heap after GC invocations=17 (full 0):
 garbage-first heap   total 299008K, used 98304K [0x0000000080000000, 0x0000000100000000)
  region size 1024K, 6 young (6144K), 6 survivors (6144K)
 Metaspace       used 24101K, committed 24320K, reserved 1114112K
  class space    used 2275K, committed 2368K, reserved 1048576K
}
Event: 7.743 GC heap before
{Heap before GC invocations=17 (full 0):
 garbage-first heap   total 299008K, used 228352K [0x0000000080000000, 0x0000000100000000)
  region size 1024K, 133 young (136192K), 6 survivors (6144K)
 Metaspace       used 24112K, committed 24320K, reserved 1114112K
  class space    used 2276K, committed 2368K, reserved 1048576K
}
Event: 7.773 GC heap after
{Heap after GC invocations=18 (full 0):
 garbage-first heap   total 299008K, used 115585K [0x0000000080000000, 0x0000000100000000)
  region size 1024K, 17 young (17408K), 17 survivors (17408K)
 Metaspace       used 24112K, committed 24320K, reserved 1114112K
  class space    used 2276K, committed 2368K, reserved 1048576K
}
Event: 8.238 GC heap before
{Heap before GC invocations=18 (full 0):
 garbage-first heap   total 299008K, used 236417K [0x0000000080000000, 0x0000000100000000)
  region size 1024K, 135 young (138240K), 17 survivors (17408K)
 Metaspace       used 24139K, committed 24320K, reserved 1114112K
  class space    used 2277K, committed 2368K, reserved 1048576K
}
Event: 8.264 GC heap after
{Heap after GC invocations=19 (full 0):
 garbage-first heap   total 299008K, used 129815K [0x0000000080000000, 0x0000000100000000)
  region size 1024K, 13 young (13312K), 13 survivors (13312K)
 Metaspace       used 24139K, committed 24320K, reserved 1114112K
  class space    used 2277K, committed 2368K, reserved 1048576K
}
Event: 8.781 GC heap before
{Heap before GC invocations=19 (full 0):
 garbage-first heap   total 299008K, used 191255K [0x0000000080000000, 0x0000000100000000)
  region size 1024K, 57 young (58368K), 13 survivors (13312K)
 Metaspace       used 25005K, committed 25216K, reserved 1114112K
  class space    used 2453K, committed 2560K, reserved 1048576K
}
Event: 8.797 GC heap after
{Heap after GC invocations=20 (full 0):
 garbage-first heap   total 299008K, used 146509K [0x0000000080000000, 0x0000000100000000)
  region size 1024K, 12 young (12288K), 12 survivors (12288K)
 Metaspace       used 25005K, committed 25216K, reserved 1114112K
  class space    used 2453K, committed 2560K, reserved 1048576K
}
Event: 9.615 GC heap before
{Heap before GC invocations=21 (full 0):
 garbage-first heap   total 299008K, used 261197K [0x0000000080000000, 0x0000000100000000)
  region size 1024K, 116 young (118784K), 12 survivors (12288K)
 Metaspace       used 25426K, committed 25664K, reserved 1114112K
  class space    used 2494K, committed 2624K, reserved 1048576K
}
Event: 9.633 GC heap after
{Heap after GC invocations=22 (full 0):
 garbage-first heap   total 299008K, used 156903K [0x0000000080000000, 0x0000000100000000)
  region size 1024K, 9 young (9216K), 9 survivors (9216K)
 Metaspace       used 25426K, committed 25664K, reserved 1114112K
  class space    used 2494K, committed 2624K, reserved 1048576K
}
Event: 10.239 GC heap before
{Heap before GC invocations=22 (full 0):
 garbage-first heap   total 299008K, used 281831K [0x0000000080000000, 0x0000000100000000)
  region size 1024K, 110 young (112640K), 9 survivors (9216K)
 Metaspace       used 25559K, committed 25856K, reserved 1114112K
  class space    used 2497K, committed 2624K, reserved 1048576K
}

