# JRE version: OpenJDK Runtime Environment Temurin-21.0.5+11 (21.0.5+11) (build 21.0.5+11-LTS)
# Java VM: OpenJDK 64-Bit Server VM Temurin-21.0.5+11 (21.0.5+11-LTS, mixed mode, tiered, compressed oops, compressed class ptrs, g1 gc, windows-amd64)
GC Precious Log:
 CardTable entry size: 512
 Card Set container configuration: InlinePtr #cards 5 size 8 Array Of Cards #cards 12 size 40 Howl #buckets 4 coarsen threshold 1843 Howl Bitmap #cards 512 size 80 coarsen threshold 460 Card regions per heap region 1 cards per card region 2048
 CPUs: 16 total, 16 available
 Memory: 15773M
 Large Page Support: Disabled
 NUMA Support: Disabled
 Compressed Oops: Enabled (32-bit)
 Heap Region Size: 1M
 Heap Min Capacity: 64M
 Heap Initial Capacity: 64M
 Heap Max Capacity: 2G
 Pre-touch: Disabled
 Parallel Workers: 13
 Concurrent Workers: 3
 Concurrent Refinement Workers: 13
 Periodic GC: Disabled
Heap:
 garbage-first heap   total 535552K, used 324608K [0x0000000080000000, 0x0000000100000000)
  region size 1024K, 85 young (87040K), 31 survivors (31744K)
 Metaspace       used 25711K, committed 25984K, reserved 1114112K
  class space    used 2511K, committed 2624K, reserved 1048576K
GC Heap History (20 events):
Event: 7.299 GC heap before
{Heap before GC invocations=16 (full 0):
 garbage-first heap   total 140288K, used 123904K [0x0000000080000000, 0x0000000100000000)
  region size 1024K, 38 young (38912K), 6 survivors (6144K)
 Metaspace       used 24083K, committed 24320K, reserved 1114112K
  class space    used 2277K, committed 2368K, reserved 1048576K
}
Event: 7.326 GC heap after
{Heap after GC invocations=17 (full 0):
 garbage-first heap   total 280576K, used 96609K [0x0000000080000000, 0x0000000100000000)
  region size 1024K, 5 young (5120K), 5 survivors (5120K)
 Metaspace       used 24083K, committed 24320K, reserved 1114112K
  class space    used 2277K, committed 2368K, reserved 1048576K
}
Event: 7.664 GC heap before
{Heap before GC invocations=17 (full 0):
 garbage-first heap   total 280576K, used 215393K [0x0000000080000000, 0x0000000100000000)
  region size 1024K, 121 young (123904K), 5 survivors (5120K)
 Metaspace       used 24094K, committed 24320K, reserved 1114112K
  class space    used 2277K, committed 2368K, reserved 1048576K
}
Event: 7.689 GC heap after
{Heap after GC invocations=18 (full 0):
 garbage-first heap   total 280576K, used 113335K [0x0000000080000000, 0x0000000100000000)
  region size 1024K, 16 young (16384K), 16 survivors (16384K)
 Metaspace       used 24094K, committed 24320K, reserved 1114112K
  class space    used 2277K, committed 2368K, reserved 1048576K
}
Event: 8.018 GC heap before
{Heap before GC invocations=18 (full 0):
 garbage-first heap   total 280576K, used 221879K [0x0000000080000000, 0x0000000100000000)
  region size 1024K, 122 young (124928K), 16 survivors (16384K)
 Metaspace       used 24120K, committed 24320K, reserved 1114112K
  class space    used 2278K, committed 2368K, reserved 1048576K
}
Event: 8.042 GC heap after
{Heap after GC invocations=19 (full 0):
 garbage-first heap   total 280576K, used 126611K [0x0000000080000000, 0x0000000100000000)
  region size 1024K, 12 young (12288K), 12 survivors (12288K)
 Metaspace       used 24120K, committed 24320K, reserved 1114112K
  class space    used 2278K, committed 2368K, reserved 1048576K
}
Event: 8.310 GC heap before
{Heap before GC invocations=19 (full 0):
 garbage-first heap   total 280576K, used 194195K [0x0000000080000000, 0x0000000100000000)
  region size 1024K, 68 young (69632K), 12 survivors (12288K)
 Metaspace       used 24292K, committed 24512K, reserved 1114112K
  class space    used 2293K, committed 2432K, reserved 1048576K
}
Event: 8.325 GC heap after
{Heap after GC invocations=20 (full 0):
 garbage-first heap   total 280576K, used 138427K [0x0000000080000000, 0x0000000100000000)
  region size 1024K, 8 young (8192K), 8 survivors (8192K)
 Metaspace       used 24292K, committed 24512K, reserved 1114112K
  class space    used 2293K, committed 2432K, reserved 1048576K
}
Event: 9.246 GC heap before
{Heap before GC invocations=21 (full 0):
 garbage-first heap   total 280576K, used 253115K [0x0000000080000000, 0x0000000100000000)
  region size 1024K, 107 young (109568K), 8 survivors (8192K)
 Metaspace       used 25417K, committed 25664K, reserved 1114112K
  class space    used 2496K, committed 2624K, reserved 1048576K
}
Event: 9.266 GC heap after
{Heap after GC invocations=22 (full 0):
 garbage-first heap   total 280576K, used 152960K [0x0000000080000000, 0x0000000100000000)
  region size 1024K, 14 young (14336K), 14 survivors (14336K)
 Metaspace       used 25417K, committed 25664K, reserved 1114112K
  class space    used 2496K, committed 2624K, reserved 1048576K
}
Event: 9.418 GC heap before
{Heap before GC invocations=22 (full 0):
 garbage-first heap   total 280576K, used 244096K [0x0000000080000000, 0x0000000100000000)
  region size 1024K, 103 young (105472K), 14 survivors (14336K)
 Metaspace       used 25422K, committed 25664K, reserved 1114112K
  class space    used 2496K, committed 2624K, reserved 1048576K
}
Event: 9.539 GC heap after
{Heap after GC invocations=23 (full 0):
 garbage-first heap   total 507904K, used 164406K [0x0000000080000000, 0x0000000100000000)
  region size 1024K, 13 young (13312K), 13 survivors (13312K)
 Metaspace       used 25422K, committed 25664K, reserved 1114112K
  class space    used 2496K, committed 2624K, reserved 1048576K
}
Event: 11.228 GC heap before
{Heap before GC invocations=23 (full 0):
 garbage-first heap   total 507904K, used 438838K [0x0000000080000000, 0x0000000100000000)
  region size 1024K, 260 young (266240K), 13 survivors (13312K)
 Metaspace       used 25590K, committed 25856K, reserved 1114112K
  class space    used 2499K, committed 2624K, reserved 1048576K
}
Event: 11.241 GC heap after
{Heap after GC invocations=24 (full 0):
 garbage-first heap   total 507904K, used 179590K [0x0000000080000000, 0x0000000100000000)
  region size 1024K, 23 young (23552K), 23 survivors (23552K)
 Metaspace       used 25590K, committed 25856K, reserved 1114112K
  class space    used 2499K, committed 2624K, reserved 1048576K
}
Event: 12.340 GC heap before
{Heap before GC invocations=24 (full 0):
 garbage-first heap   total 507904K, used 436614K [0x0000000080000000, 0x0000000100000000)
  region size 1024K, 274 young (280576K), 23 survivors (23552K)
 Metaspace       used 25591K, committed 25856K, reserved 1114112K
  class space    used 2499K, committed 2624K, reserved 1048576K
}
Event: 12.358 GC heap after
{Heap after GC invocations=25 (full 0):
 garbage-first heap   total 507904K, used 189188K [0x0000000080000000, 0x0000000100000000)
  region size 1024K, 20 young (20480K), 20 survivors (20480K)
 Metaspace       used 25591K, committed 25856K, reserved 1114112K
  class space    used 2499K, committed 2624K, reserved 1048576K
}
Event: 13.094 GC heap before
{Heap before GC invocations=25 (full 0):
 garbage-first heap   total 507904K, used 453380K [0x0000000080000000, 0x0000000100000000)
  region size 1024K, 278 young (284672K), 20 survivors (20480K)
 Metaspace       used 25611K, committed 25856K, reserved 1114112K
  class space    used 2500K, committed 2624K, reserved 1048576K
}
Event: 13.124 GC heap after
{Heap after GC invocations=26 (full 0):
 garbage-first heap   total 507904K, used 217056K [0x0000000080000000, 0x0000000100000000)
  region size 1024K, 35 young (35840K), 35 survivors (35840K)
 Metaspace       used 25611K, committed 25856K, reserved 1114112K
  class space    used 2500K, committed 2624K, reserved 1048576K
}
Event: 13.833 GC heap before
{Heap before GC invocations=27 (full 0):
 garbage-first heap   total 507904K, used 463840K [0x0000000080000000, 0x0000000100000000)
  region size 1024K, 258 young (264192K), 35 survivors (35840K)
 Metaspace       used 25668K, committed 25920K, reserved 1114112K
  class space    used 2509K, committed 2624K, reserved 1048576K
}
Event: 15.897 GC heap after
{Heap after GC invocations=28 (full 0):
 garbage-first heap   total 535552K, used 259072K [0x0000000080000000, 0x0000000100000000)
  region size 1024K, 31 young (31744K), 31 survivors (31744K)
 Metaspace       used 25668K, committed 25920K, reserved 1114112K
  class space    used 2509K, committed 2624K, reserved 1048576K
}

