# JRE version: OpenJDK Runtime Environment Temurin-21.0.5+11 (21.0.5+11) (build 21.0.5+11-LTS)
# Java VM: OpenJDK 64-Bit Server VM Temurin-21.0.5+11 (21.0.5+11-LTS, mixed mode, tiered, compressed oops, compressed class ptrs, g1 gc, windows-amd64)
GC Precious Log:
 CardTable entry size: 512
 Card Set container configuration: InlinePtr #cards 5 size 8 Array Of Cards #cards 12 size 40 Howl #buckets 4 coarsen threshold 1843 Howl Bitmap #cards 512 size 80 coarsen threshold 460 Card regions per heap region 1 cards per card region 2048
 CPUs: 16 total, 16 available
 Memory: 15773M
 Large Page Support: Disabled
 NUMA Support: Disabled
 Compressed Oops: Enabled (32-bit)
 Heap Region Size: 1M
 Heap Min Capacity: 64M
 Heap Initial Capacity: 64M
 Heap Max Capacity: 2G
 Pre-touch: Disabled
 Parallel Workers: 13
 Concurrent Workers: 3
 Concurrent Refinement Workers: 13
 Periodic GC: Disabled
Heap:
 garbage-first heap   total 308224K, used 173792K [0x0000000080000000, 0x0000000100000000)
  region size 1024K, 14 young (14336K), 14 survivors (14336K)
 Metaspace       used 25492K, committed 25728K, reserved 1114112K
  class space    used 2498K, committed 2624K, reserved 1048576K
GC Heap History (20 events):
Event: 6.222 GC heap after
{Heap after GC invocations=11 (full 0):
 garbage-first heap   total 145408K, used 51712K [0x0000000080000000, 0x0000000100000000)
  region size 1024K, 5 young (5120K), 5 survivors (5120K)
 Metaspace       used 23929K, committed 24128K, reserved 1114112K
  class space    used 2263K, committed 2368K, reserved 1048576K
}
Event: 6.465 GC heap before
{Heap before GC invocations=11 (full 0):
 garbage-first heap   total 145408K, used 116224K [0x0000000080000000, 0x0000000100000000)
  region size 1024K, 65 young (66560K), 5 survivors (5120K)
 Metaspace       used 24040K, committed 24256K, reserved 1114112K
  class space    used 2274K, committed 2368K, reserved 1048576K
}
Event: 6.493 GC heap after
{Heap after GC invocations=12 (full 0):
 garbage-first heap   total 145408K, used 67992K [0x0000000080000000, 0x0000000100000000)
  region size 1024K, 9 young (9216K), 9 survivors (9216K)
 Metaspace       used 24040K, committed 24256K, reserved 1114112K
  class space    used 2274K, committed 2368K, reserved 1048576K
}
Event: 6.624 GC heap before
{Heap before GC invocations=12 (full 0):
 garbage-first heap   total 145408K, used 117144K [0x0000000080000000, 0x0000000100000000)
  region size 1024K, 57 young (58368K), 9 survivors (9216K)
 Metaspace       used 24051K, committed 24256K, reserved 1114112K
  class space    used 2274K, committed 2368K, reserved 1048576K
}
Event: 6.653 GC heap after
{Heap after GC invocations=13 (full 0):
 garbage-first heap   total 145408K, used 79360K [0x0000000080000000, 0x0000000100000000)
  region size 1024K, 8 young (8192K), 8 survivors (8192K)
 Metaspace       used 24051K, committed 24256K, reserved 1114112K
  class space    used 2274K, committed 2368K, reserved 1048576K
}
Event: 6.686 GC heap before
{Heap before GC invocations=13 (full 0):
 garbage-first heap   total 145408K, used 91648K [0x0000000080000000, 0x0000000100000000)
  region size 1024K, 21 young (21504K), 8 survivors (8192K)
 Metaspace       used 24052K, committed 24256K, reserved 1114112K
  class space    used 2274K, committed 2368K, reserved 1048576K
}
Event: 6.705 GC heap after
{Heap after GC invocations=14 (full 0):
 garbage-first heap   total 145408K, used 83456K [0x0000000080000000, 0x0000000100000000)
  region size 1024K, 3 young (3072K), 3 survivors (3072K)
 Metaspace       used 24052K, committed 24256K, reserved 1114112K
  class space    used 2274K, committed 2368K, reserved 1048576K
}
Event: 6.971 GC heap before
{Heap before GC invocations=15 (full 0):
 garbage-first heap   total 145408K, used 126464K [0x0000000080000000, 0x0000000100000000)
  region size 1024K, 43 young (44032K), 3 survivors (3072K)
 Metaspace       used 24094K, committed 24320K, reserved 1114112K
  class space    used 2276K, committed 2368K, reserved 1048576K
}
Event: 6.996 GC heap after
{Heap after GC invocations=16 (full 0):
 garbage-first heap   total 145408K, used 93184K [0x0000000080000000, 0x0000000100000000)
  region size 1024K, 6 young (6144K), 6 survivors (6144K)
 Metaspace       used 24094K, committed 24320K, reserved 1114112K
  class space    used 2276K, committed 2368K, reserved 1048576K
}
Event: 7.123 GC heap before
{Heap before GC invocations=16 (full 0):
 garbage-first heap   total 145408K, used 128000K [0x0000000080000000, 0x0000000100000000)
  region size 1024K, 40 young (40960K), 6 survivors (6144K)
 Metaspace       used 24095K, committed 24320K, reserved 1114112K
  class space    used 2276K, committed 2368K, reserved 1048576K
}
Event: 7.149 GC heap after
{Heap after GC invocations=17 (full 0):
 garbage-first heap   total 290816K, used 98656K [0x0000000080000000, 0x0000000100000000)
  region size 1024K, 5 young (5120K), 5 survivors (5120K)
 Metaspace       used 24095K, committed 24320K, reserved 1114112K
  class space    used 2276K, committed 2368K, reserved 1048576K
}
Event: 7.616 GC heap before
{Heap before GC invocations=17 (full 0):
 garbage-first heap   total 290816K, used 222560K [0x0000000080000000, 0x0000000100000000)
  region size 1024K, 126 young (129024K), 5 survivors (5120K)
 Metaspace       used 24106K, committed 24320K, reserved 1114112K
  class space    used 2277K, committed 2368K, reserved 1048576K
}
Event: 7.643 GC heap after
{Heap after GC invocations=18 (full 0):
 garbage-first heap   total 290816K, used 115965K [0x0000000080000000, 0x0000000100000000)
  region size 1024K, 16 young (16384K), 16 survivors (16384K)
 Metaspace       used 24106K, committed 24320K, reserved 1114112K
  class space    used 2277K, committed 2368K, reserved 1048576K
}
Event: 7.994 GC heap before
{Heap before GC invocations=18 (full 0):
 garbage-first heap   total 290816K, used 228605K [0x0000000080000000, 0x0000000100000000)
  region size 1024K, 126 young (129024K), 16 survivors (16384K)
 Metaspace       used 24132K, committed 24320K, reserved 1114112K
  class space    used 2277K, committed 2368K, reserved 1048576K
}
Event: 8.015 GC heap after
{Heap after GC invocations=19 (full 0):
 garbage-first heap   total 290816K, used 129024K [0x0000000080000000, 0x0000000100000000)
  region size 1024K, 12 young (12288K), 12 survivors (12288K)
 Metaspace       used 24132K, committed 24320K, reserved 1114112K
  class space    used 2277K, committed 2368K, reserved 1048576K
}
Event: 8.199 GC heap before
{Heap before GC invocations=19 (full 0):
 garbage-first heap   total 290816K, used 186368K [0x0000000080000000, 0x0000000100000000)
  region size 1024K, 55 young (56320K), 12 survivors (12288K)
 Metaspace       used 24304K, committed 24576K, reserved 1114112K
  class space    used 2292K, committed 2432K, reserved 1048576K
}
Event: 8.211 GC heap after
{Heap after GC invocations=20 (full 0):
 garbage-first heap   total 290816K, used 140043K [0x0000000080000000, 0x0000000100000000)
  region size 1024K, 6 young (6144K), 6 survivors (6144K)
 Metaspace       used 24304K, committed 24576K, reserved 1114112K
  class space    used 2292K, committed 2432K, reserved 1048576K
}
Event: 9.146 GC heap before
{Heap before GC invocations=21 (full 0):
 garbage-first heap   total 290816K, used 259851K [0x0000000080000000, 0x0000000100000000)
  region size 1024K, 112 young (114688K), 6 survivors (6144K)
 Metaspace       used 25417K, committed 25664K, reserved 1114112K
  class space    used 2495K, committed 2624K, reserved 1048576K
}
Event: 9.167 GC heap after
{Heap after GC invocations=22 (full 0):
 garbage-first heap   total 290816K, used 155395K [0x0000000080000000, 0x0000000100000000)
  region size 1024K, 14 young (14336K), 14 survivors (14336K)
 Metaspace       used 25417K, committed 25664K, reserved 1114112K
  class space    used 2495K, committed 2624K, reserved 1048576K
}
Event: 9.536 GC heap before
{Heap before GC invocations=22 (full 0):
 garbage-first heap   total 290816K, used 276227K [0x0000000080000000, 0x0000000100000000)
  region size 1024K, 110 young (112640K), 14 survivors (14336K)
 Metaspace       used 25492K, committed 25728K, reserved 1114112K
  class space    used 2498K, committed 2624K, reserved 1048576K
}

